
> rest-express@1.0.0 dev
> cross-env NODE_ENV=development tsx server/index.ts

10:48:59 AM [express] serving on port 5000
10:49:40 AM [express] POST /api/auth/login 200 in 429ms :: {"token":"eyJhbGciOiJIUzI1NiIsInR5cCI6IkpXVCJ9.eyJpZCI6MSwiZW1haWwiOiJvd25lckBneW1jcm0uY29tIiwicm9sZSI6Im93bmVyIiwiYnJhbmNoSWQiOm51bGwsImlhdCI6MTc3NDM0MjE4MCwiZXhwIjoxNzc0OTQ2OTgwfQ.JQtZC13nzsIS1uIJUvOs6QFThRHwPlJuq5zPmrRZzYs","user":{"id":1,"name":"System Owner","email":"owner@gymcrm.com","role":"owner","branchId":null}}
10:57:40 AM [express] POST /api/auth/login 200 in 173ms :: {"token":"eyJhbGciOiJIUzI1NiIsInR5cCI6IkpXVCJ9.eyJpZCI6MSwiZW1haWwiOiJvd25lckBneW1jcm0uY29tIiwicm9sZSI6Im93bmVyIiwiYnJhbmNoSWQiOm51bGwsImlhdCI6MTc3NDM0MjY2MCwiZXhwIjoxNzc0OTQ3NDYwfQ.eE9TLMCmpAfuY3sFmnFG06wcqJ4WGmHbWV1EdT1EIFw","user":{"id":1,"name":"System Owner","email":"owner@gymcrm.com","role":"owner","branchId":null}}
10:57:40 AM [express] GET /api/dashboard/stats 200 in 30ms :: {"totalMembers":0,"totalCoaches":0,"totalClasses":0,"totalRevenue":0,"totalLeads":0,"activeSubscriptions":0}
10:57:40 AM [express] GET /api/classes 200 in 104ms :: []
10:57:42 AM [express] GET /api/branches 200 in 8ms :: [{"id":1,"name":"Main Branch","location":"123 Fitness Ave, City","phone":"+1-555-0100","email":"main@gymcrm.com","status":"active","createdAt":"2026-03-24T10:47:42.486Z"}]
10:57:42 AM [express] GET /api/members 200 in 18ms :: []
10:57:43 AM [express] GET /api/coaches 200 in 6ms :: []
10:57:44 AM [express] GET /api/packages 200 in 10ms :: []
10:57:45 AM [express] GET /api/payments 200 in 8ms :: []
10:57:45 AM [express] GET /api/attendance 200 in 8ms :: []
10:57:46 AM [express] GET /api/leads 200 in 8ms :: []
10:57:46 AM [express] GET /api/diet-plans 200 in 5ms :: []
10:57:46 AM [express] GET /api/users 200 in 9ms :: [{"id":1,"name":"System Owner","email":"owner@gymcrm.com","password":"15dba64f7030ae0289289232d0489b15f30aa67352d3121efe75d90f2b97788eae712883f9231fb64f62c6d56bb7970cdef00a373c6bd40a1abb7c325a9a4be3.39eebaef1809c152c23a61274b657572","role":"owner","branchId":null,"phone":"+1-555-0001","status":"active","createdAt":"2026-03-24T10:47:42.675Z"}]
10:57:49 AM [express] GET /api/products 200 in 7ms :: []
10:57:50 AM [express] GET /api/contact-messages 200 in 8ms :: []
[2m11:32:28 AM[22m [36m[1m[vite][22m[39m [90m[2m(client)[22m[39m [32mhmr update [39m[2m/src/pages/Login.tsx, /src/index.css[22m
[2m11:32:58 AM[22m [36m[1m[vite][22m[39m [90m[2m(client)[22m[39m [32mhmr update [39m[2m/src/pages/Login.tsx, /src/index.css[22m
[2m11:41:29 AM[22m [36m[1m[vite][22m[39m [90m[2m(client)[22m[39m [32mhmr update [39m[2m/src/index.css, /src/components/layout/Sidebar.tsx[22m
[2m11:41:29 AM[22m [36m[1m[vite][22m[39m [90m[2m(client)[22m[39m [32mhmr update [39m[2m/src/pages/Login.tsx, /src/index.css[22m
[2m11:41:29 AM[22m [36m[1m[vite][22m[39m [90m[2m(client)[22m[39m [32mhmr update [39m[2m/src/index.css, /src/components/layout/DashboardLayout.tsx[22m
[2m11:41:29 AM[22m [36m[1m[vite][22m[39m [90m[2m(client)[22m[39m [32mhmr update [39m[2m/src/index.css[22m
[2m11:42:06 AM[22m [36m[1m[vite][22m[39m [90m[2m(client)[22m[39m [32mhmr update [39m[2m/src/pages/Dashboard.tsx, /src/index.css[22m
[2m12:45:50 PM[22m [36m[1m[vite][22m[39m [90m[2m(client)[22m[39m [32mhmr update [39m[2m/src/pages/Login.tsx, /src/index.css[22m
[2m12:45:50 PM[22m [36m[1m[vite][22m[39m [90m[2m(client)[22m[39m [32mhmr update [39m[2m/src/pages/Login.tsx, /src/index.css[22m
[2m3:07:15 PM[22m [36m[1m[vite][22m[39m [90m[2m(client)[22m[39m [32mhmr update [39m[2m/src/pages/Users.tsx, /src/index.css[22m
[2m3:07:15 PM[22m [36m[1m[vite][22m[39m [90m[2m(client)[22m[39m [32mhmr update [39m[2m/src/pages/Users.tsx, /src/index.css[22m
[2m3:07:15 PM[22m [36m[1m[vite][22m[39m [90m[2m(client)[22m[39m [32mhmr update [39m[2m/src/pages/Members.tsx, /src/index.css[22m
[2m3:07:15 PM[22m [36m[1m[vite][22m[39m [90m[2m(client)[22m[39m [32mhmr update [39m[2m/src/pages/Coaches.tsx, /src/index.css[22m
[2m3:30:10 PM[22m [36m[1m[vite][22m[39m [90m[2m(client)[22m[39m [32mhmr update [39m[2m/src/index.css, /src/components/layout/Sidebar.tsx[22m
[2m3:30:10 PM[22m [36m[1m[vite][22m[39m [90m[2m(client)[22m[39m [32mhmr update [39m[2m/src/pages/Users.tsx, /src/index.css[22m
[2m3:30:10 PM[22m [36m[1m[vite][22m[39m [90m[2m(client)[22m[39m [32mhmr update [39m[2m/src/index.css, /src/components/layout/DashboardLayout.tsx[22m
[2m3:30:10 PM[22m [36m[1m[vite][22m[39m [90m[2m(client)[22m[39m [32mhmr update [39m[2m/src/pages/Members.tsx, /src/index.css[22m
[2m3:30:10 PM[22m [36m[1m[vite][22m[39m [90m[2m(client)[22m[39m [32mhmr update [39m[2m/src/pages/Coaches.tsx, /src/index.css[22m
[2m3:30:10 PM[22m [36m[1m[vite][22m[39m [90m[2m(client)[22m[39m [32mhmr update [39m[2m/src/pages/Classes.tsx, /src/index.css[22m
[2m3:30:10 PM[22m [36m[1m[vite][22m[39m [90m[2m(client)[22m[39m [32mhmr update [39m[2m/src/pages/Branches.tsx, /src/index.css[22m
[2m3:30:10 PM[22m [36m[1m[vite][22m[39m [90m[2m(client)[22m[39m [32mhmr update [39m[2m/src/pages/Payments.tsx, /src/index.css[22m
[2m3:46:01 PM[22m [36m[1m[vite][22m[39m [90m[2m(client)[22m[39m [32mhmr update [39m[2m/src/pages/Packages.tsx, /src/index.css[22m
[2m3:46:31 PM[22m [36m[1m[vite][22m[39m [90m[2m(client)[22m[39m [32mhmr update [39m[2m/src/pages/Members.tsx, /src/index.css[22m
[2m3:46:52 PM[22m [36m[1m[vite][22m[39m [90m[2m(client)[22m[39m [32mhmr update [39m[2m/src/pages/Login.tsx, /src/index.css[22m
[2m3:51:20 PM[22m [36m[1m[vite][22m[39m [90m[2m(client)[22m[39m [32mhmr update [39m[2m/src/pages/Packages.tsx, /src/index.css[22m
